Median position: 7.0
Mean position: 7.389955686853767

ROUND 1
Belgium compromises with France
	-0.11483050347300794 vs 0.2432965945234421
	new_pos = 8.415932315426764
Luxembourg loses confrontation to Belgium
	0.24550922248250817 vs 0.542246100211495
	new_pos = 7.0
Ireland loses confrontation to Luxembourg
	0.5382377664333493 vs 0.6824778252511178
	new_pos = 4.0

Median position: 7.461314378277189
Mean position: 7.461314378277189

ROUND 2
Belgium compromises with France
	-0.08372298010499579 vs 0.11098827573851458
	new_pos = 9.610859134120188
Luxembourg loses confrontation to Belgium
	0.09587865812504826 vs 0.25279815776071274
	new_pos = 8.415932315426764
Ireland loses confrontation to Luxembourg
	0.5364745002601532 vs 0.6832740271828603
	new_pos = 7.0

Median position: 7.552500865855845
Mean position: 7.552500865855845

ROUND 3
Belgium compromises with France
	-0.021363682612244528 vs 0.023677008278475686
	new_pos = 9.961979590401311
Luxembourg loses confrontation to Belgium
	0.0752415037116283 vs 0.1973924602995426
	new_pos = 9.610859134120188
Ireland loses confrontation to Luxembourg
	0.2220966141779851 vs 0.28914350869001226
	new_pos = 8.415932315426764

Median position: 7.590144997451547
Mean position: 7.590144997451547

ROUND 4
Belgium compromises with Netherlands
	-0.7153336335609584 vs 0.826336595809209
	new_pos = 4.800881140632622
Luxembourg loses confrontation to Belgium
	0.019067005856757135 vs 0.05475982048848671
	new_pos = 9.961979590401311
Ireland loses confrontation to Luxembourg
	0.18434889721531578 vs 0.2408011690248525
	new_pos = 9.610859134120188

Median position: 7.358130531334201
Mean position: 7.358130531334201

ROUND 5
Belgium compromises with France
	-0.07892886598556514 vs 0.5673005292780673
	new_pos = 5.524237694197356
Luxembourg loses confrontation to Belgium
	0.6442818640814262 vs 1.2296306388963438
	new_pos = 4.800881140632622
Ireland loses confrontation to Luxembourg
	0.05091916804909058 vs 0.06745697684475738
	new_pos = 9.961979590401311

Median position: 7.3491739896752115
Mean position: 7.3491739896752115

ROUND 6
Belgium compromises with France
	-0.17147772090669489 vs 0.3940292145932064
	new_pos = 7.47204636191629
Luxembourg loses confrontation to Belgium
	0.04393570966631333 vs 0.12294346298815284
	new_pos = 5.524237694197356
Ireland loses confrontation to Belgium
	0.477289288589615 vs 1.1583814184029237
	new_pos = 5.524237694197356

Median position: 7.414877545372958
Mean position: 7.414877545372958

ROUND 7
Belgium compromises with France
	-0.10459286362216708 vs 0.19548733882691532
	new_pos = 8.824593855262423
Luxembourg loses confrontation to Belgium
	0.1382777829509383 vs 0.3410544636307657
	new_pos = 7.47204636191629
Ireland loses confrontation to Belgium
	0.13272892587624174 vs 0.41138879294371355
	new_pos = 7.47204636191629

Median position: 7.510457183677219
Mean position: 7.510457183677219

ROUND 8
Belgium compromises with France
	-0.056369286263043605 vs 0.07826815650708174
	new_pos = 9.671129769802048
Luxembourg loses confrontation to Belgium
	0.0872009778054279 vs 0.22517742605780633
	new_pos = 8.824593855262423
Ireland loses confrontation to Belgium
	0.08321562348731826 vs 0.2751461345009193
	new_pos = 8.824593855262423

Median position: 7.5724470975503
Mean position: 7.5724470975503

ROUND 9
Belgium compromises with Netherlands
	-0.6974248364399851 vs 0.7157050033503447
	new_pos = 4.144849062500606
Luxembourg loses confrontation to Belgium
	0.05008299023987961 vs 0.13597909894595128
	new_pos = 9.671129769802048
Ireland loses confrontation to Belgium
	0.0474210361526437 vs 0.1671827021753982
	new_pos = 9.671129769802048

Median position: 7.324989065683666
Mean position: 7.324989065683666

ROUND 10
Belgium compromises with France
	-0.01852838755780717 vs 0.7395521611111853
	new_pos = 4.291541224979646
Luxembourg loses confrontation to Belgium
	0.760038324818827 vs 1.4093388112170677
	new_pos = 4.144849062500606
Ireland loses confrontation to Belgium
	0.796832348725107 vs 1.7236993574505728
	new_pos = 4.144849062500606

Median position: 7.242130958473938
Mean position: 7.242130958473938
